the










0.144
0.9005
0.9285
0.9575
0.933
0.913
0.9425
0.9345
0.9285
0.934
0.941
0.9405
0.939
0.931
0.9375
0.935
0.9315
0.9365
0.9405
0.9405
0.9355
0.9415
0.938
0.9445
0.928
0.9395
0.935
0.936
0.9315
0.9395
0.9365
0.937
0.937
0.939
0.942
0.933
0.938
0.9405
0.937
0.933
0.9385
0.939
0.941
0.9305
0.938
0.9425
0.938
0.9355
0.94
0.9395
0.937
0.933
0.9395
0.939
0.9335
0.9365
0.9395
0.9365
0.933
0.939
0.942
0.9405
0.9295
0.938
0.939
0.9365
0.9335
0.9395
0.9385
0.9365
0.9335
0.939
0.9385
0.9355
0.9385
0.9385
0.9365
0.932
0.9395
0.9395
0.9405
0.931
0.9385
0.9395
0.936
0.9335
0.938
0.9385
0.933
0.9345
0.94
0.9385
0.9325
0.936
0.938
0.9375
0.929
0.939
0.937
0.9375
0.9285
