1.94215
0.290366
0.203686
0.0662796
0.0523971
0.0362099
0.0186284
0.0206856
0.0156137
0.0244145
0.0109824
0.0411802
0.00467568
0.00290066
0.0412076
0.00686969
0.00144834
0.00104469
0.00863685
0.00179316
0.00166449
0.000529764
0.00153376
0.00268313
0.00164013
0.000193031
0.00103942
0.0253991
0.00665744
0.000301447
0.000427851
0.00296824
0.000835765
0.000739214
0.000334009
0.000807176
0.00247047
0.000781585
0.000163126
0.00119412
0.0180373
0.00104258
0.000286974
0.000315048
0.00235946
0.000694784
0.000518113
0.000264278
0.000651312
0.00328099
0.000556941
0.000152989
0.000864367
0.013576
0.000864854
0.000265918
0.000235966
0.00194026
0.000606633
0.000365402
0.000240895
0.000530918
0.00393304
0.000457694
0.000150958
0.000577792
0.0116665
0.000681468
0.000245666
0.000191456
0.00160554
0.000538737
0.000312896
0.000223411
0.000453241
0.00420023
0.000419692
0.000141017
0.000497399
0.0108513
0.000643895
0.000240716
0.000179883
0.00132008
0.000505265
0.000291892
0.000222244
0.000412206
0.00434537
0.000391034
0.00013516
0.000432998
0.0112953
0.000648167
0.000237229
0.000174568
0.00128863
0.000468345
0.000278047
0.00020938
0.000437307
0.004336
0.000372863
0.000134168
0.000439082
0.0100258
0.000579755
0.000236669
0.000167202
0.0011801
0.000455852
0.00026683
0.000205747
0.000422032
0.00425152
0.000365395
0.000134321
0.0003433
0.0109336
0.00059828
0.00023595
0.000163522
0.0010366
0.000467406
0.000277639
0.000213435
0.000387736
0.00457865
0.000347917
0.000132431
0.000345675
0.00991518
0.000540804
0.000236676
0.000171882
0.000972855
0.000455251
0.000259839
0.000209714
0.000360887
0.00451013
0.00033722
0.000129514
0.000360075
0.00954572
0.000523428
0.000239714
0.000167692
0.000936997
0.000450779
0.000261382
0.000201584
0.000357938
0.00460855
0.000342804
0.000129662
0.000338039
0.00964818
0.000506716
0.000223773
0.000155407
0.000892166
0.000440651
0.000267832
0.000203064
0.000344033
0.00458995
0.000331092
0.000127016
0.000302405
0.00989444
0.000497619
0.000241448
0.000151788
0.00085458
0.000424431
0.000249672
0.00019922
0.000337004
0.00460694
0.000322781
0.000126862
0.000281304
0.00986115
0.000492612
0.00023979
0.000150185
0.000811017
0.000421834
0.000248022
0.000192624
0.000325986
0.0045182
0.00032056
0.000125939
0.000289872
0.00958836
0.00045713
0.000262738
0.000150037
